<?xml version="1.0" encoding="UTF-8"?>
<!-- Generated by org.testng.reporters.JUnitReportReporter -->
<testsuite skipped="0" hostname="W00000PC13GYM9" name="runner.AmazonAppTest" tests="1" failures="0" timestamp="31 Aug 2020 06:05:17 GMT" time="204.146" errors="0">
  <testcase name="purchaseProduct" time="204.146" classname="runner.AmazonAppTest"/>
</testsuite> <!-- runner.AmazonAppTest -->
